<?xml version="1.0" encoding="utf-8"?>
<TestRun id="9d78bec4-11e9-4d13-bb9a-16bb3f3562e0" name="@Klein-MacBook-Pro 2019-09-25 10:56:33" xmlns="http://microsoft.com/schemas/VisualStudio/TeamTest/2010">
  <Times creation="2019-09-25T10:56:33.5253460-03:00" queuing="2019-09-25T10:56:33.5253460-03:00" start="2019-09-25T10:56:26.5714330-03:00" finish="2019-09-25T10:56:40.0508290-03:00" />
  <TestSettings name="default" id="02772374-7d49-4706-b123-caff543bb4c1">
    <Deployment runDeploymentRoot="_Klein-MacBook-Pro_2019-09-25_10_56_33" />
  </TestSettings>
  <Results>
    <UnitTestResult executionId="641c2843-4fb0-4ca4-b770-0c58b802e9aa" testId="1d9dffe3-cc6c-a8e6-6245-e308906da267" testName="REQ_UI_08_REQ_UI_04_UITestingButtonOnFormPageMustNavigateToHomePage" computerName="Klein-MacBook-Pro" duration="00:00:00.3620000" startTime="2019-09-25T10:56:39.0000000-03:00" endTime="2019-09-25T10:56:39.0000000-03:00" testType="13cdc9d9-ddb5-4fa4-a97d-d965ccfc6d4b" outcome="Passed" testListId="8c84fa94-04c1-424b-9868-57a2d4851a1d" relativeResultsDirectory="641c2843-4fb0-4ca4-b770-0c58b802e9aa">
      <Output>
        <StdOut>Given an user access Home Page
-&gt; done: HomePageSteps.GivenAnUserAccessHomePage() (0.1s)
Then Docler Holding logo is present
-&gt; done: BaseSteps.ThenDoclerHoldingLogoIsPresent() (0.0s)
And title should be "UI Testing Site"
-&gt; done: BaseSteps.ThenTitleShouldBe("UI Testing Site") (0.0s)
Given an user access Form Page
-&gt; done: FormPageSteps.GivenAnUserAccessFormPage() (0.1s)
And Form Page is displayed
-&gt; done: FormPageSteps.GivenFormPageIsDisplayed() (0.0s)
When I click on UITesting button
-&gt; done: HomePageSteps.WhenIClickOnUITestingButton() (0.1s)
Then Home Page is displayed
-&gt; done: HomePageSteps.ThenHomePageIsDisplayed() (0.0s)
And Home button is active
-&gt; done: HomePageSteps.ThenHomeButtonIsActive() (0.0s)</StdOut>
      </Output>
    </UnitTestResult>
    <UnitTestResult executionId="1193cbc2-878b-4e7d-9b2e-03a3e05023ec" testId="7148f2cc-cffe-8f75-7540-bef7aed1bbd6" testName="REQ_UI_12_ValidateTheWelcomeMessage(&quot;São Paulo&quot;,null)" computerName="Klein-MacBook-Pro" duration="00:00:00.7580000" startTime="2019-09-25T10:56:37.0000000-03:00" endTime="2019-09-25T10:56:38.0000000-03:00" testType="13cdc9d9-ddb5-4fa4-a97d-d965ccfc6d4b" outcome="Failed" testListId="8c84fa94-04c1-424b-9868-57a2d4851a1d" relativeResultsDirectory="1193cbc2-878b-4e7d-9b2e-03a3e05023ec">
      <Output>
        <StdOut>Given an user access Form Page
-&gt; done: FormPageSteps.GivenAnUserAccessFormPage() (0.0s)
Then Docler Holding logo is present
-&gt; done: BaseSteps.ThenDoclerHoldingLogoIsPresent() (0.0s)
And title should be "UI Testing Site"
-&gt; done: BaseSteps.ThenTitleShouldBe("UI Testing Site") (0.0s)
Given an user enter the São Paulo
-&gt; done: FormPageSteps.GivenAnUserEnterThe("São Paulo") (0.1s)
When I click on Go button
-&gt; done: FormPageSteps.WhenIClickOnGoButton() (0.4s)
Then a message "Hello São Paulo!" is displayed
-&gt; error:   Expected string length 16 but was 21. Strings differ at index 7.
  Expected: "Hello São Paulo!"
  But was:  "Hello S%C3%A3o+Paulo!"
  ------------------^

And Docler Holding logo is present
-&gt; skipped because of previous errors
And title should be "UI Testing Site"
-&gt; skipped because of previous errors</StdOut>
        <ErrorInfo>
          <Message>  Expected string length 16 but was 21. Strings differ at index 7.
  Expected: "Hello São Paulo!"
  But was:  "Hello S%C3%A3o+Paulo!"
  ------------------^
</Message>
          <StackTrace>   at QAHomework.Steps.FormPageSteps.ThenAMessageIsDisplayed(String p0) in /Users/bklein/Documents/Developer/QAHomework/QAHomework/Steps/FormPageSteps.cs:line 100
</StackTrace>
        </ErrorInfo>
      </Output>
    </UnitTestResult>
    <UnitTestResult executionId="cb98f1f4-0f39-4a0e-b36f-62c67a8940aa" testId="b864103c-2154-007f-b741-b4c97e29588e" testName="REQ_UI_07_ClickOnErrorButtonShouldGetA404HTTPResponseCode" computerName="Klein-MacBook-Pro" duration="00:00:02.1430000" startTime="2019-09-25T10:56:31.0000000-03:00" endTime="2019-09-25T10:56:33.0000000-03:00" testType="13cdc9d9-ddb5-4fa4-a97d-d965ccfc6d4b" outcome="Passed" testListId="8c84fa94-04c1-424b-9868-57a2d4851a1d" relativeResultsDirectory="cb98f1f4-0f39-4a0e-b36f-62c67a8940aa">
      <Output>
        <StdOut>Given an user access Home Page
-&gt; done: HomePageSteps.GivenAnUserAccessHomePage() (1.6s)
When I click on Error button
-&gt; done: BaseSteps.WhenIClickOnErrorButton() (0.4s)
Then an 404 error code should happen
-&gt; done: ErrorPageSteps.ThenAnErrorCodeShouldHappen(404) (0.1s)</StdOut>
      </Output>
    </UnitTestResult>
    <UnitTestResult executionId="0968fa9c-8d55-43e7-bbcb-36ca0316a321" testId="5568a9ea-eb81-d352-0518-8f290bc2e689" testName="REQ_UI_09_H1TextIsVisible" computerName="Klein-MacBook-Pro" duration="00:00:00.1630000" startTime="2019-09-25T10:56:39.0000000-03:00" endTime="2019-09-25T10:56:39.0000000-03:00" testType="13cdc9d9-ddb5-4fa4-a97d-d965ccfc6d4b" outcome="Passed" testListId="8c84fa94-04c1-424b-9868-57a2d4851a1d" relativeResultsDirectory="0968fa9c-8d55-43e7-bbcb-36ca0316a321">
      <Output>
        <StdOut>Given an user access Home Page
-&gt; done: HomePageSteps.GivenAnUserAccessHomePage() (0.1s)
Then Docler Holding logo is present
-&gt; done: BaseSteps.ThenDoclerHoldingLogoIsPresent() (0.0s)
And title should be "UI Testing Site"
-&gt; done: BaseSteps.ThenTitleShouldBe("UI Testing Site") (0.0s)
Given an user is on Home Page
-&gt; done: HomePageSteps.GivenAnUserIsOnHomePage() (0.0s)
Then message "Welcome to the Docler Holding QA Department" in "h1" tag
-&gt; done: HomePageSteps.ThenMessageInTag("Welcome to the Do...", "h1") (0.0s)</StdOut>
      </Output>
    </UnitTestResult>
    <UnitTestResult executionId="cb16bcb7-73f3-4b00-a0a8-fe61406e93aa" testId="7c56e5af-1099-0ca0-4c86-5692950be62f" testName="REQ_UI_12_ValidateTheWelcomeMessage(&quot;Bruno&quot;,null)" computerName="Klein-MacBook-Pro" duration="00:00:00.6610000" startTime="2019-09-25T10:56:37.0000000-03:00" endTime="2019-09-25T10:56:37.0000000-03:00" testType="13cdc9d9-ddb5-4fa4-a97d-d965ccfc6d4b" outcome="Passed" testListId="8c84fa94-04c1-424b-9868-57a2d4851a1d" relativeResultsDirectory="cb16bcb7-73f3-4b00-a0a8-fe61406e93aa">
      <Output>
        <StdOut>Given an user access Form Page
-&gt; done: FormPageSteps.GivenAnUserAccessFormPage() (0.1s)
Then Docler Holding logo is present
-&gt; done: BaseSteps.ThenDoclerHoldingLogoIsPresent() (0.0s)
And title should be "UI Testing Site"
-&gt; done: BaseSteps.ThenTitleShouldBe("UI Testing Site") (0.0s)
Given an user enter the Bruno
-&gt; done: FormPageSteps.GivenAnUserEnterThe("Bruno") (0.2s)
When I click on Go button
-&gt; done: FormPageSteps.WhenIClickOnGoButton() (0.4s)
Then a message "Hello Bruno!" is displayed
-&gt; done: FormPageSteps.ThenAMessageIsDisplayed("Hello Bruno!") (0.0s)
And Docler Holding logo is present
-&gt; done: BaseSteps.ThenDoclerHoldingLogoIsPresent() (0.0s)
And title should be "UI Testing Site"
-&gt; done: BaseSteps.ThenTitleShouldBe("UI Testing Site") (0.0s)</StdOut>
      </Output>
    </UnitTestResult>
    <UnitTestResult executionId="9fed137a-6fbe-4520-8b90-8c6ba3e0a97c" testId="6a9370b6-e444-c4c8-3546-d462f66069aa" testName="REQ_UI_10_PTextIsVisible" computerName="Klein-MacBook-Pro" duration="00:00:00.1400000" startTime="2019-09-25T10:56:39.0000000-03:00" endTime="2019-09-25T10:56:39.0000000-03:00" testType="13cdc9d9-ddb5-4fa4-a97d-d965ccfc6d4b" outcome="Passed" testListId="8c84fa94-04c1-424b-9868-57a2d4851a1d" relativeResultsDirectory="9fed137a-6fbe-4520-8b90-8c6ba3e0a97c">
      <Output>
        <StdOut>Given an user access Home Page
-&gt; done: HomePageSteps.GivenAnUserAccessHomePage() (0.1s)
Then Docler Holding logo is present
-&gt; done: BaseSteps.ThenDoclerHoldingLogoIsPresent() (0.0s)
And title should be "UI Testing Site"
-&gt; done: BaseSteps.ThenTitleShouldBe("UI Testing Site") (0.0s)
Given an user is on Home Page
-&gt; done: HomePageSteps.GivenAnUserIsOnHomePage() (0.0s)
Then message "This site is dedicated to perform some exercises and demonstrate automated web testing." in "p" tag
-&gt; done: HomePageSteps.ThenMessageInTag("This site is dedi...", "p") (0.0s)</StdOut>
      </Output>
    </UnitTestResult>
    <UnitTestResult executionId="7ec6d68c-5e66-4d59-ad3a-a0eeeb9e535a" testId="adde098e-4f46-db7e-bf0f-2901e780d7b9" testName="REQ_UI_12_ValidateTheWelcomeMessage(&quot;Charlie&quot;,null)" computerName="Klein-MacBook-Pro" duration="00:00:00.7710000" startTime="2019-09-25T10:56:35.0000000-03:00" endTime="2019-09-25T10:56:36.0000000-03:00" testType="13cdc9d9-ddb5-4fa4-a97d-d965ccfc6d4b" outcome="Passed" testListId="8c84fa94-04c1-424b-9868-57a2d4851a1d" relativeResultsDirectory="7ec6d68c-5e66-4d59-ad3a-a0eeeb9e535a">
      <Output>
        <StdOut>Given an user access Form Page
-&gt; done: FormPageSteps.GivenAnUserAccessFormPage() (0.1s)
Then Docler Holding logo is present
-&gt; done: BaseSteps.ThenDoclerHoldingLogoIsPresent() (0.0s)
And title should be "UI Testing Site"
-&gt; done: BaseSteps.ThenTitleShouldBe("UI Testing Site") (0.0s)
Given an user enter the Charlie
-&gt; done: FormPageSteps.GivenAnUserEnterThe("Charlie") (0.2s)
When I click on Go button
-&gt; done: FormPageSteps.WhenIClickOnGoButton() (0.4s)
Then a message "Hello Charlie!" is displayed
-&gt; done: FormPageSteps.ThenAMessageIsDisplayed("Hello Charlie!") (0.1s)
And Docler Holding logo is present
-&gt; done: BaseSteps.ThenDoclerHoldingLogoIsPresent() (0.0s)
And title should be "UI Testing Site"
-&gt; done: BaseSteps.ThenTitleShouldBe("UI Testing Site") (0.0s)</StdOut>
      </Output>
    </UnitTestResult>
    <UnitTestResult executionId="46fc9474-f8f4-42d7-ba82-a9c1838099e7" testId="da9021f1-023b-766e-a9a9-f7e545e73c41" testName="REQ_UI_12_ValidateTheWelcomeMessage(&quot;John&quot;,null)" computerName="Klein-MacBook-Pro" duration="00:00:00.9310000" startTime="2019-09-25T10:56:34.0000000-03:00" endTime="2019-09-25T10:56:35.0000000-03:00" testType="13cdc9d9-ddb5-4fa4-a97d-d965ccfc6d4b" outcome="Passed" testListId="8c84fa94-04c1-424b-9868-57a2d4851a1d" relativeResultsDirectory="46fc9474-f8f4-42d7-ba82-a9c1838099e7">
      <Output>
        <StdOut>Given an user access Form Page
-&gt; done: FormPageSteps.GivenAnUserAccessFormPage() (0.0s)
Then Docler Holding logo is present
-&gt; done: BaseSteps.ThenDoclerHoldingLogoIsPresent() (0.0s)
And title should be "UI Testing Site"
-&gt; done: BaseSteps.ThenTitleShouldBe("UI Testing Site") (0.0s)
Given an user enter the John
-&gt; done: FormPageSteps.GivenAnUserEnterThe("John") (0.3s)
When I click on Go button
-&gt; done: FormPageSteps.WhenIClickOnGoButton() (0.5s)
Then a message "Hello John!" is displayed
-&gt; done: FormPageSteps.ThenAMessageIsDisplayed("Hello John!") (0.1s)
And Docler Holding logo is present
-&gt; done: BaseSteps.ThenDoclerHoldingLogoIsPresent() (0.0s)
And title should be "UI Testing Site"
-&gt; done: BaseSteps.ThenTitleShouldBe("UI Testing Site") (0.0s)</StdOut>
      </Output>
    </UnitTestResult>
    <UnitTestResult executionId="fc41c973-75ee-4408-853c-8877d6ad0fe6" testId="639a4d5e-a073-52b7-5f97-9007205e3b42" testName="REQ_UI_12_ValidateTheWelcomeMessage(&quot;Sophia&quot;,null)" computerName="Klein-MacBook-Pro" duration="00:00:00.7510000" startTime="2019-09-25T10:56:35.0000000-03:00" endTime="2019-09-25T10:56:35.0000000-03:00" testType="13cdc9d9-ddb5-4fa4-a97d-d965ccfc6d4b" outcome="Passed" testListId="8c84fa94-04c1-424b-9868-57a2d4851a1d" relativeResultsDirectory="fc41c973-75ee-4408-853c-8877d6ad0fe6">
      <Output>
        <StdOut>Given an user access Form Page
-&gt; done: FormPageSteps.GivenAnUserAccessFormPage() (0.1s)
Then Docler Holding logo is present
-&gt; done: BaseSteps.ThenDoclerHoldingLogoIsPresent() (0.0s)
And title should be "UI Testing Site"
-&gt; done: BaseSteps.ThenTitleShouldBe("UI Testing Site") (0.0s)
Given an user enter the Sophia
-&gt; done: FormPageSteps.GivenAnUserEnterThe("Sophia") (0.2s)
When I click on Go button
-&gt; done: FormPageSteps.WhenIClickOnGoButton() (0.4s)
Then a message "Hello Sophia!" is displayed
-&gt; done: FormPageSteps.ThenAMessageIsDisplayed("Hello Sophia!") (0.0s)
And Docler Holding logo is present
-&gt; done: BaseSteps.ThenDoclerHoldingLogoIsPresent() (0.0s)
And title should be "UI Testing Site"
-&gt; done: BaseSteps.ThenTitleShouldBe("UI Testing Site") (0.0s)</StdOut>
      </Output>
    </UnitTestResult>
    <UnitTestResult executionId="8295a28d-9241-4400-8f8c-533aaa1598ff" testId="6ec82e75-3374-2586-1c92-faae5bb6537b" testName="REQ_UI_11_OneInputBoxAndOneSubmitButton" computerName="Klein-MacBook-Pro" duration="00:00:00.1400000" startTime="2019-09-25T10:56:34.0000000-03:00" endTime="2019-09-25T10:56:34.0000000-03:00" testType="13cdc9d9-ddb5-4fa4-a97d-d965ccfc6d4b" outcome="Passed" testListId="8c84fa94-04c1-424b-9868-57a2d4851a1d" relativeResultsDirectory="8295a28d-9241-4400-8f8c-533aaa1598ff">
      <Output>
        <StdOut>Given an user access Form Page
-&gt; done: FormPageSteps.GivenAnUserAccessFormPage() (0.0s)
Then Docler Holding logo is present
-&gt; done: BaseSteps.ThenDoclerHoldingLogoIsPresent() (0.0s)
And title should be "UI Testing Site"
-&gt; done: BaseSteps.ThenTitleShouldBe("UI Testing Site") (0.0s)
Then user can see one input box
-&gt; done: FormPageSteps.ThenUserCanSeeOneInputBox() (0.0s)
And one submit button
-&gt; done: FormPageSteps.ThenOneSubmitButton() (0.0s)</StdOut>
      </Output>
    </UnitTestResult>
    <UnitTestResult executionId="31d2165e-26b2-4ec0-95c9-e10fa9496632" testId="b78d9a8b-9f59-7a26-ae16-5b44962beb0a" testName="REQ_UI_03_REQ_UI_04_HomeButtonOnFormPageMustNavigateToHomePage" computerName="Klein-MacBook-Pro" duration="00:00:00.3700000" startTime="2019-09-25T10:56:38.0000000-03:00" endTime="2019-09-25T10:56:39.0000000-03:00" testType="13cdc9d9-ddb5-4fa4-a97d-d965ccfc6d4b" outcome="Passed" testListId="8c84fa94-04c1-424b-9868-57a2d4851a1d" relativeResultsDirectory="31d2165e-26b2-4ec0-95c9-e10fa9496632">
      <Output>
        <StdOut>Given an user access Home Page
-&gt; done: HomePageSteps.GivenAnUserAccessHomePage() (0.1s)
Then Docler Holding logo is present
-&gt; done: BaseSteps.ThenDoclerHoldingLogoIsPresent() (0.0s)
And title should be "UI Testing Site"
-&gt; done: BaseSteps.ThenTitleShouldBe("UI Testing Site") (0.0s)
Given an user access Form Page
-&gt; done: FormPageSteps.GivenAnUserAccessFormPage() (0.1s)
And Form Page is displayed
-&gt; done: FormPageSteps.GivenFormPageIsDisplayed() (0.0s)
When I click on Home button
-&gt; done: BaseSteps.WhenIClickOnHomeButton() (0.1s)
Then Home Page is displayed
-&gt; done: HomePageSteps.ThenHomePageIsDisplayed() (0.0s)
And Home button is active
-&gt; done: HomePageSteps.ThenHomeButtonIsActive() (0.1s)</StdOut>
      </Output>
    </UnitTestResult>
    <UnitTestResult executionId="3dae74f7-2ea5-489b-a62c-456bbba58645" testId="9bc75b4c-3ef9-8d07-f02d-18b5844403b0" testName="REQ_UI_05_REQ_UI_06_FormButtonOnHomePageMustNavigateToFormPage" computerName="Klein-MacBook-Pro" duration="00:00:00.6000000" startTime="2019-09-25T10:56:33.0000000-03:00" endTime="2019-09-25T10:56:34.0000000-03:00" testType="13cdc9d9-ddb5-4fa4-a97d-d965ccfc6d4b" outcome="Passed" testListId="8c84fa94-04c1-424b-9868-57a2d4851a1d" relativeResultsDirectory="3dae74f7-2ea5-489b-a62c-456bbba58645">
      <Output>
        <StdOut>Given an user access Form Page
-&gt; done: FormPageSteps.GivenAnUserAccessFormPage() (0.3s)
Then Docler Holding logo is present
-&gt; done: BaseSteps.ThenDoclerHoldingLogoIsPresent() (0.0s)
And title should be "UI Testing Site"
-&gt; done: BaseSteps.ThenTitleShouldBe("UI Testing Site") (0.0s)
Given an user access Home Page
-&gt; done: HomePageSteps.GivenAnUserAccessHomePage() (0.0s)
When I click on Form button
-&gt; done: BaseSteps.WhenIClickOnFormButton() (0.1s)
Then Form Page is displayed
-&gt; done: FormPageSteps.ThenFormPageIsDisplayed() (0.0s)
And Form button is active
-&gt; done: FormPageSteps.ThenFormButtonIsActive() (0.1s)</StdOut>
      </Output>
    </UnitTestResult>
    <UnitTestResult executionId="bab16d06-ee38-4f1f-847f-1bc1a1576660" testId="dc3af49e-2ff5-221a-8391-e8c42ea1446a" testName="REQ_UI_12_ValidateTheWelcomeMessage(&quot;Emily&quot;,null)" computerName="Klein-MacBook-Pro" duration="00:00:00.6600000" startTime="2019-09-25T10:56:36.0000000-03:00" endTime="2019-09-25T10:56:37.0000000-03:00" testType="13cdc9d9-ddb5-4fa4-a97d-d965ccfc6d4b" outcome="Passed" testListId="8c84fa94-04c1-424b-9868-57a2d4851a1d" relativeResultsDirectory="bab16d06-ee38-4f1f-847f-1bc1a1576660">
      <Output>
        <StdOut>Given an user access Form Page
-&gt; done: FormPageSteps.GivenAnUserAccessFormPage() (0.1s)
Then Docler Holding logo is present
-&gt; done: BaseSteps.ThenDoclerHoldingLogoIsPresent() (0.0s)
And title should be "UI Testing Site"
-&gt; done: BaseSteps.ThenTitleShouldBe("UI Testing Site") (0.0s)
Given an user enter the Emily
-&gt; done: FormPageSteps.GivenAnUserEnterThe("Emily") (0.2s)
When I click on Go button
-&gt; done: FormPageSteps.WhenIClickOnGoButton() (0.4s)
Then a message "Hello Emily!" is displayed
-&gt; done: FormPageSteps.ThenAMessageIsDisplayed("Hello Emily!") (0.0s)
And Docler Holding logo is present
-&gt; done: BaseSteps.ThenDoclerHoldingLogoIsPresent() (0.0s)
And title should be "UI Testing Site"
-&gt; done: BaseSteps.ThenTitleShouldBe("UI Testing Site") (0.0s)</StdOut>
      </Output>
    </UnitTestResult>
  </Results>
  <TestDefinitions>
    <UnitTest name="REQ_UI_10_PTextIsVisible" storage="/users/bklein/documents/developer/qahomework/qahomework/bin/debug/netcoreapp2.2/qahomework.dll" id="6a9370b6-e444-c4c8-3546-d462f66069aa">
      <Execution id="9fed137a-6fbe-4520-8b90-8c6ba3e0a97c" />
      <TestMethod codeBase="/Users/bklein/Documents/Developer/QAHomework/QAHomework/bin/Debug/netcoreapp2.2/QAHomework.dll" adapterTypeName="executor://nunit3testexecutor/" className="QAHomework.Features.HomePageFeature" name="REQ_UI_10_PTextIsVisible" />
    </UnitTest>
    <UnitTest name="REQ_UI_08_REQ_UI_04_UITestingButtonOnFormPageMustNavigateToHomePage" storage="/users/bklein/documents/developer/qahomework/qahomework/bin/debug/netcoreapp2.2/qahomework.dll" id="1d9dffe3-cc6c-a8e6-6245-e308906da267">
      <Execution id="641c2843-4fb0-4ca4-b770-0c58b802e9aa" />
      <TestMethod codeBase="/Users/bklein/Documents/Developer/QAHomework/QAHomework/bin/Debug/netcoreapp2.2/QAHomework.dll" adapterTypeName="executor://nunit3testexecutor/" className="QAHomework.Features.HomePageFeature" name="REQ_UI_08_REQ_UI_04_UITestingButtonOnFormPageMustNavigateToHomePage" />
    </UnitTest>
    <UnitTest name="REQ_UI_05_REQ_UI_06_FormButtonOnHomePageMustNavigateToFormPage" storage="/users/bklein/documents/developer/qahomework/qahomework/bin/debug/netcoreapp2.2/qahomework.dll" id="9bc75b4c-3ef9-8d07-f02d-18b5844403b0">
      <Execution id="3dae74f7-2ea5-489b-a62c-456bbba58645" />
      <TestMethod codeBase="/Users/bklein/Documents/Developer/QAHomework/QAHomework/bin/Debug/netcoreapp2.2/QAHomework.dll" adapterTypeName="executor://nunit3testexecutor/" className="QAHomework.Features.FormPageFeature" name="REQ_UI_05_REQ_UI_06_FormButtonOnHomePageMustNavigateToFormPage" />
    </UnitTest>
    <UnitTest name="REQ_UI_03_REQ_UI_04_HomeButtonOnFormPageMustNavigateToHomePage" storage="/users/bklein/documents/developer/qahomework/qahomework/bin/debug/netcoreapp2.2/qahomework.dll" id="b78d9a8b-9f59-7a26-ae16-5b44962beb0a">
      <Execution id="31d2165e-26b2-4ec0-95c9-e10fa9496632" />
      <TestMethod codeBase="/Users/bklein/Documents/Developer/QAHomework/QAHomework/bin/Debug/netcoreapp2.2/QAHomework.dll" adapterTypeName="executor://nunit3testexecutor/" className="QAHomework.Features.HomePageFeature" name="REQ_UI_03_REQ_UI_04_HomeButtonOnFormPageMustNavigateToHomePage" />
    </UnitTest>
    <UnitTest name="REQ_UI_12_ValidateTheWelcomeMessage(&quot;Emily&quot;,null)" storage="/users/bklein/documents/developer/qahomework/qahomework/bin/debug/netcoreapp2.2/qahomework.dll" id="dc3af49e-2ff5-221a-8391-e8c42ea1446a">
      <Execution id="bab16d06-ee38-4f1f-847f-1bc1a1576660" />
      <TestMethod codeBase="/Users/bklein/Documents/Developer/QAHomework/QAHomework/bin/Debug/netcoreapp2.2/QAHomework.dll" adapterTypeName="executor://nunit3testexecutor/" className="QAHomework.Features.FormPageFeature" name="REQ_UI_12_ValidateTheWelcomeMessage(&quot;Emily&quot;,null)" />
    </UnitTest>
    <UnitTest name="REQ_UI_11_OneInputBoxAndOneSubmitButton" storage="/users/bklein/documents/developer/qahomework/qahomework/bin/debug/netcoreapp2.2/qahomework.dll" id="6ec82e75-3374-2586-1c92-faae5bb6537b">
      <Execution id="8295a28d-9241-4400-8f8c-533aaa1598ff" />
      <TestMethod codeBase="/Users/bklein/Documents/Developer/QAHomework/QAHomework/bin/Debug/netcoreapp2.2/QAHomework.dll" adapterTypeName="executor://nunit3testexecutor/" className="QAHomework.Features.FormPageFeature" name="REQ_UI_11_OneInputBoxAndOneSubmitButton" />
    </UnitTest>
    <UnitTest name="REQ_UI_09_H1TextIsVisible" storage="/users/bklein/documents/developer/qahomework/qahomework/bin/debug/netcoreapp2.2/qahomework.dll" id="5568a9ea-eb81-d352-0518-8f290bc2e689">
      <Execution id="0968fa9c-8d55-43e7-bbcb-36ca0316a321" />
      <TestMethod codeBase="/Users/bklein/Documents/Developer/QAHomework/QAHomework/bin/Debug/netcoreapp2.2/QAHomework.dll" adapterTypeName="executor://nunit3testexecutor/" className="QAHomework.Features.HomePageFeature" name="REQ_UI_09_H1TextIsVisible" />
    </UnitTest>
    <UnitTest name="REQ_UI_12_ValidateTheWelcomeMessage(&quot;Sophia&quot;,null)" storage="/users/bklein/documents/developer/qahomework/qahomework/bin/debug/netcoreapp2.2/qahomework.dll" id="639a4d5e-a073-52b7-5f97-9007205e3b42">
      <Execution id="fc41c973-75ee-4408-853c-8877d6ad0fe6" />
      <TestMethod codeBase="/Users/bklein/Documents/Developer/QAHomework/QAHomework/bin/Debug/netcoreapp2.2/QAHomework.dll" adapterTypeName="executor://nunit3testexecutor/" className="QAHomework.Features.FormPageFeature" name="REQ_UI_12_ValidateTheWelcomeMessage(&quot;Sophia&quot;,null)" />
    </UnitTest>
    <UnitTest name="REQ_UI_12_ValidateTheWelcomeMessage(&quot;São Paulo&quot;,null)" storage="/users/bklein/documents/developer/qahomework/qahomework/bin/debug/netcoreapp2.2/qahomework.dll" id="7148f2cc-cffe-8f75-7540-bef7aed1bbd6">
      <Execution id="1193cbc2-878b-4e7d-9b2e-03a3e05023ec" />
      <TestMethod codeBase="/Users/bklein/Documents/Developer/QAHomework/QAHomework/bin/Debug/netcoreapp2.2/QAHomework.dll" adapterTypeName="executor://nunit3testexecutor/" className="QAHomework.Features.FormPageFeature" name="REQ_UI_12_ValidateTheWelcomeMessage(&quot;São Paulo&quot;,null)" />
    </UnitTest>
    <UnitTest name="REQ_UI_07_ClickOnErrorButtonShouldGetA404HTTPResponseCode" storage="/users/bklein/documents/developer/qahomework/qahomework/bin/debug/netcoreapp2.2/qahomework.dll" id="b864103c-2154-007f-b741-b4c97e29588e">
      <Execution id="cb98f1f4-0f39-4a0e-b36f-62c67a8940aa" />
      <TestMethod codeBase="/Users/bklein/Documents/Developer/QAHomework/QAHomework/bin/Debug/netcoreapp2.2/QAHomework.dll" adapterTypeName="executor://nunit3testexecutor/" className="QAHomework.Features.ErrorPageFeature" name="REQ_UI_07_ClickOnErrorButtonShouldGetA404HTTPResponseCode" />
    </UnitTest>
    <UnitTest name="REQ_UI_12_ValidateTheWelcomeMessage(&quot;Charlie&quot;,null)" storage="/users/bklein/documents/developer/qahomework/qahomework/bin/debug/netcoreapp2.2/qahomework.dll" id="adde098e-4f46-db7e-bf0f-2901e780d7b9">
      <Execution id="7ec6d68c-5e66-4d59-ad3a-a0eeeb9e535a" />
      <TestMethod codeBase="/Users/bklein/Documents/Developer/QAHomework/QAHomework/bin/Debug/netcoreapp2.2/QAHomework.dll" adapterTypeName="executor://nunit3testexecutor/" className="QAHomework.Features.FormPageFeature" name="REQ_UI_12_ValidateTheWelcomeMessage(&quot;Charlie&quot;,null)" />
    </UnitTest>
    <UnitTest name="REQ_UI_12_ValidateTheWelcomeMessage(&quot;John&quot;,null)" storage="/users/bklein/documents/developer/qahomework/qahomework/bin/debug/netcoreapp2.2/qahomework.dll" id="da9021f1-023b-766e-a9a9-f7e545e73c41">
      <Execution id="46fc9474-f8f4-42d7-ba82-a9c1838099e7" />
      <TestMethod codeBase="/Users/bklein/Documents/Developer/QAHomework/QAHomework/bin/Debug/netcoreapp2.2/QAHomework.dll" adapterTypeName="executor://nunit3testexecutor/" className="QAHomework.Features.FormPageFeature" name="REQ_UI_12_ValidateTheWelcomeMessage(&quot;John&quot;,null)" />
    </UnitTest>
    <UnitTest name="REQ_UI_12_ValidateTheWelcomeMessage(&quot;Bruno&quot;,null)" storage="/users/bklein/documents/developer/qahomework/qahomework/bin/debug/netcoreapp2.2/qahomework.dll" id="7c56e5af-1099-0ca0-4c86-5692950be62f">
      <Execution id="cb16bcb7-73f3-4b00-a0a8-fe61406e93aa" />
      <TestMethod codeBase="/Users/bklein/Documents/Developer/QAHomework/QAHomework/bin/Debug/netcoreapp2.2/QAHomework.dll" adapterTypeName="executor://nunit3testexecutor/" className="QAHomework.Features.FormPageFeature" name="REQ_UI_12_ValidateTheWelcomeMessage(&quot;Bruno&quot;,null)" />
    </UnitTest>
  </TestDefinitions>
  <TestEntries>
    <TestEntry testId="1d9dffe3-cc6c-a8e6-6245-e308906da267" executionId="641c2843-4fb0-4ca4-b770-0c58b802e9aa" testListId="8c84fa94-04c1-424b-9868-57a2d4851a1d" />
    <TestEntry testId="7148f2cc-cffe-8f75-7540-bef7aed1bbd6" executionId="1193cbc2-878b-4e7d-9b2e-03a3e05023ec" testListId="8c84fa94-04c1-424b-9868-57a2d4851a1d" />
    <TestEntry testId="b864103c-2154-007f-b741-b4c97e29588e" executionId="cb98f1f4-0f39-4a0e-b36f-62c67a8940aa" testListId="8c84fa94-04c1-424b-9868-57a2d4851a1d" />
    <TestEntry testId="5568a9ea-eb81-d352-0518-8f290bc2e689" executionId="0968fa9c-8d55-43e7-bbcb-36ca0316a321" testListId="8c84fa94-04c1-424b-9868-57a2d4851a1d" />
    <TestEntry testId="7c56e5af-1099-0ca0-4c86-5692950be62f" executionId="cb16bcb7-73f3-4b00-a0a8-fe61406e93aa" testListId="8c84fa94-04c1-424b-9868-57a2d4851a1d" />
    <TestEntry testId="6a9370b6-e444-c4c8-3546-d462f66069aa" executionId="9fed137a-6fbe-4520-8b90-8c6ba3e0a97c" testListId="8c84fa94-04c1-424b-9868-57a2d4851a1d" />
    <TestEntry testId="adde098e-4f46-db7e-bf0f-2901e780d7b9" executionId="7ec6d68c-5e66-4d59-ad3a-a0eeeb9e535a" testListId="8c84fa94-04c1-424b-9868-57a2d4851a1d" />
    <TestEntry testId="da9021f1-023b-766e-a9a9-f7e545e73c41" executionId="46fc9474-f8f4-42d7-ba82-a9c1838099e7" testListId="8c84fa94-04c1-424b-9868-57a2d4851a1d" />
    <TestEntry testId="639a4d5e-a073-52b7-5f97-9007205e3b42" executionId="fc41c973-75ee-4408-853c-8877d6ad0fe6" testListId="8c84fa94-04c1-424b-9868-57a2d4851a1d" />
    <TestEntry testId="6ec82e75-3374-2586-1c92-faae5bb6537b" executionId="8295a28d-9241-4400-8f8c-533aaa1598ff" testListId="8c84fa94-04c1-424b-9868-57a2d4851a1d" />
    <TestEntry testId="b78d9a8b-9f59-7a26-ae16-5b44962beb0a" executionId="31d2165e-26b2-4ec0-95c9-e10fa9496632" testListId="8c84fa94-04c1-424b-9868-57a2d4851a1d" />
    <TestEntry testId="9bc75b4c-3ef9-8d07-f02d-18b5844403b0" executionId="3dae74f7-2ea5-489b-a62c-456bbba58645" testListId="8c84fa94-04c1-424b-9868-57a2d4851a1d" />
    <TestEntry testId="dc3af49e-2ff5-221a-8391-e8c42ea1446a" executionId="bab16d06-ee38-4f1f-847f-1bc1a1576660" testListId="8c84fa94-04c1-424b-9868-57a2d4851a1d" />
  </TestEntries>
  <TestLists>
    <TestList name="Results Not in a List" id="8c84fa94-04c1-424b-9868-57a2d4851a1d" />
    <TestList name="All Loaded Results" id="19431567-8539-422a-85d7-44ee4e166bda" />
  </TestLists>
  <ResultSummary outcome="Failed">
    <Counters total="13" executed="13" passed="12" failed="1" error="0" timeout="0" aborted="0" inconclusive="0" passedButRunAborted="0" notRunnable="0" notExecuted="0" disconnected="0" warning="0" completed="0" inProgress="0" pending="0" />
    <Output>
      <StdOut>NUnit Adapter 3.11.0.0: Test execution started
Running all tests in /Users/bklein/Documents/Developer/QAHomework/QAHomework/bin/Debug/netcoreapp2.2/QAHomework.dll
   NUnit3TestExecutor converted 13 of 13 NUnit test cases
NUnit Adapter 3.11.0.0: Test execution complete
</StdOut>
    </Output>
    <RunInfos>
      <RunInfo computerName="Klein-MacBook-Pro" outcome="Error" timestamp="2019-09-25T10:56:39.7556370-03:00">
        <Text>An exception occurred while invoking executor 'executor://specrun/executorV3.0.391': Exception has been thrown by the target of an invocation.
Could not load file or assembly 'TechTalk.SpecRun.Common, Version=3.0.0.0, Culture=neutral, PublicKeyToken=d0fc5cc18b3b389b'. The system cannot find the file specified.
</Text>
      </RunInfo>
    </RunInfos>
  </ResultSummary>
</TestRun>